[2020-10-30 17:06:06,584][c2p3h.py:22][INFO] - 任务获取成功,准备登录
[2020-10-30 17:06:06,584][c2p3h.py:22][INFO] - 任务获取成功,准备登录
[2020-10-30 17:06:06,584][c2p3h.py:22][INFO] - 任务获取成功,准备登录
[2020-10-30 17:06:06,584][c2p3h.py:22][INFO] - 任务获取成功,准备登录
[2020-10-30 17:06:06,584][c2p3h.py:22][INFO] - 任务获取成功,准备登录
[2020-10-30 17:06:06,584][c2p3h.py:22][INFO] - 任务获取成功,准备登录
[2020-10-30 17:06:06,584][c2p3h.py:22][INFO] - 任务获取成功,准备登录
[2020-10-30 17:06:06,584][c2p3h.py:22][INFO] - 任务获取成功,准备登录
[2020-10-30 17:06:06,598][c2p3h.py:56][INFO] - 应用代理ip为:
[2020-10-30 17:06:06,598][c2p3h.py:56][INFO] - 应用代理ip为:
[2020-10-30 17:06:06,598][c2p3h.py:56][INFO] - 应用代理ip为:
[2020-10-30 17:06:06,598][c2p3h.py:56][INFO] - 应用代理ip为:
[2020-10-30 17:06:06,598][c2p3h.py:56][INFO] - 应用代理ip为:
[2020-10-30 17:06:06,598][c2p3h.py:56][INFO] - 应用代理ip为:
[2020-10-30 17:06:06,598][c2p3h.py:56][INFO] - 应用代理ip为:
[2020-10-30 17:06:06,598][c2p3h.py:56][INFO] - 应用代理ip为:
[2020-10-30 17:06:06,598][c2p3h.py:57][INFO] - {'http': 'http://172.16.30.66:3122'}
[2020-10-30 17:06:06,598][c2p3h.py:57][INFO] - {'http': 'http://172.16.30.66:3122'}
[2020-10-30 17:06:06,598][c2p3h.py:57][INFO] - {'http': 'http://172.16.30.66:3122'}
[2020-10-30 17:06:06,598][c2p3h.py:57][INFO] - {'http': 'http://172.16.30.66:3122'}
[2020-10-30 17:06:06,598][c2p3h.py:57][INFO] - {'http': 'http://172.16.30.66:3122'}
[2020-10-30 17:06:06,598][c2p3h.py:57][INFO] - {'http': 'http://172.16.30.66:3122'}
[2020-10-30 17:06:06,598][c2p3h.py:57][INFO] - {'http': 'http://172.16.30.66:3122'}
[2020-10-30 17:06:06,598][c2p3h.py:57][INFO] - {'http': 'http://172.16.30.66:3122'}
[2020-10-30 17:06:06,599][c2p3h.py:61][INFO] - 开始登录:
[2020-10-30 17:06:06,599][c2p3h.py:61][INFO] - 开始登录:
[2020-10-30 17:06:06,599][c2p3h.py:61][INFO] - 开始登录:
[2020-10-30 17:06:06,599][c2p3h.py:61][INFO] - 开始登录:
[2020-10-30 17:06:06,599][c2p3h.py:61][INFO] - 开始登录:
[2020-10-30 17:06:06,599][c2p3h.py:61][INFO] - 开始登录:
[2020-10-30 17:06:06,599][c2p3h.py:61][INFO] - 开始登录:
[2020-10-30 17:06:06,599][c2p3h.py:61][INFO] - 开始登录:
[2020-10-30 17:06:09,079][c2p3h.py:63][INFO] - 访问登录网址:
[2020-10-30 17:06:09,079][c2p3h.py:63][INFO] - 访问登录网址:
[2020-10-30 17:06:09,079][c2p3h.py:63][INFO] - 访问登录网址:
[2020-10-30 17:06:09,079][c2p3h.py:63][INFO] - 访问登录网址:
[2020-10-30 17:06:09,079][c2p3h.py:63][INFO] - 访问登录网址:
[2020-10-30 17:06:09,079][c2p3h.py:63][INFO] - 访问登录网址:
[2020-10-30 17:06:09,079][c2p3h.py:63][INFO] - 访问登录网址:
[2020-10-30 17:06:09,079][c2p3h.py:63][INFO] - 访问登录网址:
[2020-10-30 17:06:09,079][c2p3h.py:64][INFO] - 200
[2020-10-30 17:06:09,079][c2p3h.py:64][INFO] - 200
[2020-10-30 17:06:09,079][c2p3h.py:64][INFO] - 200
[2020-10-30 17:06:09,079][c2p3h.py:64][INFO] - 200
[2020-10-30 17:06:09,079][c2p3h.py:64][INFO] - 200
[2020-10-30 17:06:09,079][c2p3h.py:64][INFO] - 200
[2020-10-30 17:06:09,079][c2p3h.py:64][INFO] - 200
[2020-10-30 17:06:09,079][c2p3h.py:64][INFO] - 200
[2020-10-30 17:06:10,346][c2p3h.py:66][INFO] - 访问验证码链接:
[2020-10-30 17:06:10,346][c2p3h.py:66][INFO] - 访问验证码链接:
[2020-10-30 17:06:10,346][c2p3h.py:66][INFO] - 访问验证码链接:
[2020-10-30 17:06:10,346][c2p3h.py:66][INFO] - 访问验证码链接:
[2020-10-30 17:06:10,346][c2p3h.py:66][INFO] - 访问验证码链接:
[2020-10-30 17:06:10,346][c2p3h.py:66][INFO] - 访问验证码链接:
[2020-10-30 17:06:10,346][c2p3h.py:66][INFO] - 访问验证码链接:
[2020-10-30 17:06:10,346][c2p3h.py:66][INFO] - 访问验证码链接:
[2020-10-30 17:06:10,346][c2p3h.py:67][INFO] - 200
[2020-10-30 17:06:10,346][c2p3h.py:67][INFO] - 200
[2020-10-30 17:06:10,346][c2p3h.py:67][INFO] - 200
[2020-10-30 17:06:10,346][c2p3h.py:67][INFO] - 200
[2020-10-30 17:06:10,346][c2p3h.py:67][INFO] - 200
[2020-10-30 17:06:10,346][c2p3h.py:67][INFO] - 200
[2020-10-30 17:06:10,346][c2p3h.py:67][INFO] - 200
[2020-10-30 17:06:10,346][c2p3h.py:67][INFO] - 200
[2020-10-30 17:06:13,651][c2p3h.py:78][INFO] - 验证码识别结果为:
[2020-10-30 17:06:13,651][c2p3h.py:78][INFO] - 验证码识别结果为:
[2020-10-30 17:06:13,651][c2p3h.py:78][INFO] - 验证码识别结果为:
[2020-10-30 17:06:13,651][c2p3h.py:78][INFO] - 验证码识别结果为:
[2020-10-30 17:06:13,651][c2p3h.py:78][INFO] - 验证码识别结果为:
[2020-10-30 17:06:13,651][c2p3h.py:78][INFO] - 验证码识别结果为:
[2020-10-30 17:06:13,651][c2p3h.py:78][INFO] - 验证码识别结果为:
[2020-10-30 17:06:13,651][c2p3h.py:78][INFO] - 验证码识别结果为:
[2020-10-30 17:06:13,651][c2p3h.py:79][INFO] - ruder
[2020-10-30 17:06:13,651][c2p3h.py:79][INFO] - ruder
[2020-10-30 17:06:13,651][c2p3h.py:79][INFO] - ruder
[2020-10-30 17:06:13,651][c2p3h.py:79][INFO] - ruder
[2020-10-30 17:06:13,651][c2p3h.py:79][INFO] - ruder
[2020-10-30 17:06:13,651][c2p3h.py:79][INFO] - ruder
[2020-10-30 17:06:13,651][c2p3h.py:79][INFO] - ruder
[2020-10-30 17:06:13,651][c2p3h.py:79][INFO] - ruder
[2020-10-30 17:06:13,665][c2p3h.py:92][INFO] - 获取登录用户名:
[2020-10-30 17:06:13,665][c2p3h.py:92][INFO] - 获取登录用户名:
[2020-10-30 17:06:13,665][c2p3h.py:92][INFO] - 获取登录用户名:
[2020-10-30 17:06:13,665][c2p3h.py:92][INFO] - 获取登录用户名:
[2020-10-30 17:06:13,665][c2p3h.py:92][INFO] - 获取登录用户名:
[2020-10-30 17:06:13,665][c2p3h.py:92][INFO] - 获取登录用户名:
[2020-10-30 17:06:13,665][c2p3h.py:92][INFO] - 获取登录用户名:
[2020-10-30 17:06:13,665][c2p3h.py:92][INFO] - 获取登录用户名:
[2020-10-30 17:06:13,665][c2p3h.py:93][INFO] - nongfu
[2020-10-30 17:06:13,665][c2p3h.py:93][INFO] - nongfu
[2020-10-30 17:06:13,665][c2p3h.py:93][INFO] - nongfu
[2020-10-30 17:06:13,665][c2p3h.py:93][INFO] - nongfu
[2020-10-30 17:06:13,665][c2p3h.py:93][INFO] - nongfu
[2020-10-30 17:06:13,665][c2p3h.py:93][INFO] - nongfu
[2020-10-30 17:06:13,665][c2p3h.py:93][INFO] - nongfu
[2020-10-30 17:06:13,665][c2p3h.py:93][INFO] - nongfu
[2020-10-30 17:06:13,666][c2p3h.py:94][INFO] - 获取登录用户密码:
[2020-10-30 17:06:13,666][c2p3h.py:94][INFO] - 获取登录用户密码:
[2020-10-30 17:06:13,666][c2p3h.py:94][INFO] - 获取登录用户密码:
[2020-10-30 17:06:13,666][c2p3h.py:94][INFO] - 获取登录用户密码:
[2020-10-30 17:06:13,666][c2p3h.py:94][INFO] - 获取登录用户密码:
[2020-10-30 17:06:13,666][c2p3h.py:94][INFO] - 获取登录用户密码:
[2020-10-30 17:06:13,666][c2p3h.py:94][INFO] - 获取登录用户密码:
[2020-10-30 17:06:13,666][c2p3h.py:94][INFO] - 获取登录用户密码:
[2020-10-30 17:06:13,666][c2p3h.py:95][INFO] - shanquan
[2020-10-30 17:06:13,666][c2p3h.py:95][INFO] - shanquan
[2020-10-30 17:06:13,666][c2p3h.py:95][INFO] - shanquan
[2020-10-30 17:06:13,666][c2p3h.py:95][INFO] - shanquan
[2020-10-30 17:06:13,666][c2p3h.py:95][INFO] - shanquan
[2020-10-30 17:06:13,666][c2p3h.py:95][INFO] - shanquan
[2020-10-30 17:06:13,666][c2p3h.py:95][INFO] - shanquan
[2020-10-30 17:06:13,666][c2p3h.py:95][INFO] - shanquan
[2020-10-30 17:06:19,050][c2p3h.py:110][INFO] - 请求提交登录表单:
[2020-10-30 17:06:19,050][c2p3h.py:110][INFO] - 请求提交登录表单:
[2020-10-30 17:06:19,050][c2p3h.py:110][INFO] - 请求提交登录表单:
[2020-10-30 17:06:19,050][c2p3h.py:110][INFO] - 请求提交登录表单:
[2020-10-30 17:06:19,050][c2p3h.py:110][INFO] - 请求提交登录表单:
[2020-10-30 17:06:19,050][c2p3h.py:110][INFO] - 请求提交登录表单:
[2020-10-30 17:06:19,050][c2p3h.py:110][INFO] - 请求提交登录表单:
[2020-10-30 17:06:19,050][c2p3h.py:110][INFO] - 请求提交登录表单:
[2020-10-30 17:06:19,051][c2p3h.py:111][INFO] - 200
[2020-10-30 17:06:19,051][c2p3h.py:111][INFO] - 200
[2020-10-30 17:06:19,051][c2p3h.py:111][INFO] - 200
[2020-10-30 17:06:19,051][c2p3h.py:111][INFO] - 200
[2020-10-30 17:06:19,051][c2p3h.py:111][INFO] - 200
[2020-10-30 17:06:19,051][c2p3h.py:111][INFO] - 200
[2020-10-30 17:06:19,051][c2p3h.py:111][INFO] - 200
[2020-10-30 17:06:19,051][c2p3h.py:111][INFO] - 200
[2020-10-30 17:06:19,051][c2p3h.py:113][INFO] - 登录成功!!!
[2020-10-30 17:06:19,051][c2p3h.py:113][INFO] - 登录成功!!!
[2020-10-30 17:06:19,051][c2p3h.py:113][INFO] - 登录成功!!!
[2020-10-30 17:06:19,051][c2p3h.py:113][INFO] - 登录成功!!!
[2020-10-30 17:06:19,051][c2p3h.py:113][INFO] - 登录成功!!!
[2020-10-30 17:06:19,051][c2p3h.py:113][INFO] - 登录成功!!!
[2020-10-30 17:06:19,051][c2p3h.py:113][INFO] - 登录成功!!!
[2020-10-30 17:06:19,051][c2p3h.py:113][INFO] - 登录成功!!!
[2020-10-30 17:06:19,052][c2p3h.py:115][INFO] - Cookie值:
[2020-10-30 17:06:19,052][c2p3h.py:115][INFO] - Cookie值:
[2020-10-30 17:06:19,052][c2p3h.py:115][INFO] - Cookie值:
[2020-10-30 17:06:19,052][c2p3h.py:115][INFO] - Cookie值:
[2020-10-30 17:06:19,052][c2p3h.py:115][INFO] - Cookie值:
[2020-10-30 17:06:19,052][c2p3h.py:115][INFO] - Cookie值:
[2020-10-30 17:06:19,052][c2p3h.py:115][INFO] - Cookie值:
[2020-10-30 17:06:19,052][c2p3h.py:115][INFO] - Cookie值:
[2020-10-30 17:06:19,052][c2p3h.py:116][INFO] - {'shiro-sessionId': 'd770bc57-126c-4ee0-ba1f-2fe443e69996'}
[2020-10-30 17:06:19,052][c2p3h.py:116][INFO] - {'shiro-sessionId': 'd770bc57-126c-4ee0-ba1f-2fe443e69996'}
[2020-10-30 17:06:19,052][c2p3h.py:116][INFO] - {'shiro-sessionId': 'd770bc57-126c-4ee0-ba1f-2fe443e69996'}
[2020-10-30 17:06:19,052][c2p3h.py:116][INFO] - {'shiro-sessionId': 'd770bc57-126c-4ee0-ba1f-2fe443e69996'}
[2020-10-30 17:06:19,052][c2p3h.py:116][INFO] - {'shiro-sessionId': 'd770bc57-126c-4ee0-ba1f-2fe443e69996'}
[2020-10-30 17:06:19,052][c2p3h.py:116][INFO] - {'shiro-sessionId': 'd770bc57-126c-4ee0-ba1f-2fe443e69996'}
[2020-10-30 17:06:19,052][c2p3h.py:116][INFO] - {'shiro-sessionId': 'd770bc57-126c-4ee0-ba1f-2fe443e69996'}
[2020-10-30 17:06:19,052][c2p3h.py:116][INFO] - {'shiro-sessionId': 'd770bc57-126c-4ee0-ba1f-2fe443e69996'}
[2020-10-30 17:06:19,130][c2p3h.py:125][INFO] - Cookie入库完毕,开始采集!
[2020-10-30 17:06:19,130][c2p3h.py:125][INFO] - Cookie入库完毕,开始采集!
[2020-10-30 17:06:19,130][c2p3h.py:125][INFO] - Cookie入库完毕,开始采集!
[2020-10-30 17:06:19,130][c2p3h.py:125][INFO] - Cookie入库完毕,开始采集!
[2020-10-30 17:06:19,130][c2p3h.py:125][INFO] - Cookie入库完毕,开始采集!
[2020-10-30 17:06:19,130][c2p3h.py:125][INFO] - Cookie入库完毕,开始采集!
[2020-10-30 17:06:19,130][c2p3h.py:125][INFO] - Cookie入库完毕,开始采集!
[2020-10-30 17:06:19,130][c2p3h.py:125][INFO] - Cookie入库完毕,开始采集!
